     0,                  Time [s],                            Time [s]
     1,            delta GENROU 1,                   $\delta$ GENROU 1
     2,            delta GENROU 2,                   $\delta$ GENROU 2
     3,            delta GENROU 3,                   $\delta$ GENROU 3
     4,            delta GENROU 4,                   $\delta$ GENROU 4
     5,            delta GENROU 5,                   $\delta$ GENROU 5
     6,            delta GENROU 6,                   $\delta$ GENROU 6
     7,            delta GENROU 7,                   $\delta$ GENROU 7
     8,            delta GENROU 8,                   $\delta$ GENROU 8
     9,            delta GENROU 9,                   $\delta$ GENROU 9
    10,           delta GENROU 10,                  $\delta$ GENROU 10
    11,            omega GENROU 1,                   $\omega$ GENROU 1
    12,            omega GENROU 2,                   $\omega$ GENROU 2
    13,            omega GENROU 3,                   $\omega$ GENROU 3
    14,            omega GENROU 4,                   $\omega$ GENROU 4
    15,            omega GENROU 5,                   $\omega$ GENROU 5
    16,            omega GENROU 6,                   $\omega$ GENROU 6
    17,            omega GENROU 7,                   $\omega$ GENROU 7
    18,            omega GENROU 8,                   $\omega$ GENROU 8
    19,            omega GENROU 9,                   $\omega$ GENROU 9
    20,           omega GENROU 10,                  $\omega$ GENROU 10
    21,              e1q GENROU 1,                   ${e'_q}$ GENROU 1
    22,              e1q GENROU 2,                   ${e'_q}$ GENROU 2
    23,              e1q GENROU 3,                   ${e'_q}$ GENROU 3
    24,              e1q GENROU 4,                   ${e'_q}$ GENROU 4
    25,              e1q GENROU 5,                   ${e'_q}$ GENROU 5
    26,              e1q GENROU 6,                   ${e'_q}$ GENROU 6
    27,              e1q GENROU 7,                   ${e'_q}$ GENROU 7
    28,              e1q GENROU 8,                   ${e'_q}$ GENROU 8
    29,              e1q GENROU 9,                   ${e'_q}$ GENROU 9
    30,             e1q GENROU 10,                  ${e'_q}$ GENROU 10
    31,              e1d GENROU 1,                   ${e'_d}$ GENROU 1
    32,              e1d GENROU 2,                   ${e'_d}$ GENROU 2
    33,              e1d GENROU 3,                   ${e'_d}$ GENROU 3
    34,              e1d GENROU 4,                   ${e'_d}$ GENROU 4
    35,              e1d GENROU 5,                   ${e'_d}$ GENROU 5
    36,              e1d GENROU 6,                   ${e'_d}$ GENROU 6
    37,              e1d GENROU 7,                   ${e'_d}$ GENROU 7
    38,              e1d GENROU 8,                   ${e'_d}$ GENROU 8
    39,              e1d GENROU 9,                   ${e'_d}$ GENROU 9
    40,             e1d GENROU 10,                  ${e'_d}$ GENROU 10
    41,              e2d GENROU 1,                  ${e''_d}$ GENROU 1
    42,              e2d GENROU 2,                  ${e''_d}$ GENROU 2
    43,              e2d GENROU 3,                  ${e''_d}$ GENROU 3
    44,              e2d GENROU 4,                  ${e''_d}$ GENROU 4
    45,              e2d GENROU 5,                  ${e''_d}$ GENROU 5
    46,              e2d GENROU 6,                  ${e''_d}$ GENROU 6
    47,              e2d GENROU 7,                  ${e''_d}$ GENROU 7
    48,              e2d GENROU 8,                  ${e''_d}$ GENROU 8
    49,              e2d GENROU 9,                  ${e''_d}$ GENROU 9
    50,             e2d GENROU 10,                 ${e''_d}$ GENROU 10
    51,              e2q GENROU 1,                  ${e''_q}$ GENROU 1
    52,              e2q GENROU 2,                  ${e''_q}$ GENROU 2
    53,              e2q GENROU 3,                  ${e''_q}$ GENROU 3
    54,              e2q GENROU 4,                  ${e''_q}$ GENROU 4
    55,              e2q GENROU 5,                  ${e''_q}$ GENROU 5
    56,              e2q GENROU 6,                  ${e''_q}$ GENROU 6
    57,              e2q GENROU 7,                  ${e''_q}$ GENROU 7
    58,              e2q GENROU 8,                  ${e''_q}$ GENROU 8
    59,              e2q GENROU 9,                  ${e''_q}$ GENROU 9
    60,             e2q GENROU 10,                 ${e''_q}$ GENROU 10
    61,      LAG_y TGOV1N TGOV1 1,            $y_{LAG}$ TGOV1N TGOV1 1
    62,      LAG_y TGOV1N TGOV1 2,            $y_{LAG}$ TGOV1N TGOV1 2
    63,      LAG_y TGOV1N TGOV1 3,            $y_{LAG}$ TGOV1N TGOV1 3
    64,      LAG_y TGOV1N TGOV1 4,            $y_{LAG}$ TGOV1N TGOV1 4
    65,      LAG_y TGOV1N TGOV1 5,            $y_{LAG}$ TGOV1N TGOV1 5
    66,      LAG_y TGOV1N TGOV1 6,            $y_{LAG}$ TGOV1N TGOV1 6
    67,      LAG_y TGOV1N TGOV1 7,            $y_{LAG}$ TGOV1N TGOV1 7
    68,      LAG_y TGOV1N TGOV1 8,            $y_{LAG}$ TGOV1N TGOV1 8
    69,      LAG_y TGOV1N TGOV1 9,            $y_{LAG}$ TGOV1N TGOV1 9
    70,     LAG_y TGOV1N TGOV1 10,           $y_{LAG}$ TGOV1N TGOV1 10
    71,       LL_x TGOV1N TGOV1 1,            $x'_{LL}$ TGOV1N TGOV1 1
    72,       LL_x TGOV1N TGOV1 2,            $x'_{LL}$ TGOV1N TGOV1 2
    73,       LL_x TGOV1N TGOV1 3,            $x'_{LL}$ TGOV1N TGOV1 3
    74,       LL_x TGOV1N TGOV1 4,            $x'_{LL}$ TGOV1N TGOV1 4
    75,       LL_x TGOV1N TGOV1 5,            $x'_{LL}$ TGOV1N TGOV1 5
    76,       LL_x TGOV1N TGOV1 6,            $x'_{LL}$ TGOV1N TGOV1 6
    77,       LL_x TGOV1N TGOV1 7,            $x'_{LL}$ TGOV1N TGOV1 7
    78,       LL_x TGOV1N TGOV1 8,            $x'_{LL}$ TGOV1N TGOV1 8
    79,       LL_x TGOV1N TGOV1 9,            $x'_{LL}$ TGOV1N TGOV1 9
    80,      LL_x TGOV1N TGOV1 10,           $x'_{LL}$ TGOV1N TGOV1 10
    81,               vp IEEEX1 1,                      $V_p$ IEEEX1 1
    82,               vp IEEEX1 2,                      $V_p$ IEEEX1 2
    83,               vp IEEEX1 3,                      $V_p$ IEEEX1 3
    84,               vp IEEEX1 4,                      $V_p$ IEEEX1 4
    85,               vp IEEEX1 5,                      $V_p$ IEEEX1 5
    86,               vp IEEEX1 6,                      $V_p$ IEEEX1 6
    87,               vp IEEEX1 7,                      $V_p$ IEEEX1 7
    88,               vp IEEEX1 8,                      $V_p$ IEEEX1 8
    89,               vp IEEEX1 9,                      $V_p$ IEEEX1 9
    90,              vp IEEEX1 10,                     $V_p$ IEEEX1 10
    91,             LS_y IEEEX1 1,                   $y_{LS}$ IEEEX1 1
    92,             LS_y IEEEX1 2,                   $y_{LS}$ IEEEX1 2
    93,             LS_y IEEEX1 3,                   $y_{LS}$ IEEEX1 3
    94,             LS_y IEEEX1 4,                   $y_{LS}$ IEEEX1 4
    95,             LS_y IEEEX1 5,                   $y_{LS}$ IEEEX1 5
    96,             LS_y IEEEX1 6,                   $y_{LS}$ IEEEX1 6
    97,             LS_y IEEEX1 7,                   $y_{LS}$ IEEEX1 7
    98,             LS_y IEEEX1 8,                   $y_{LS}$ IEEEX1 8
    99,             LS_y IEEEX1 9,                   $y_{LS}$ IEEEX1 9
   100,            LS_y IEEEX1 10,                  $y_{LS}$ IEEEX1 10
   101,             LL_x IEEEX1 1,                  $x'_{LL}$ IEEEX1 1
   102,             LL_x IEEEX1 2,                  $x'_{LL}$ IEEEX1 2
   103,             LL_x IEEEX1 3,                  $x'_{LL}$ IEEEX1 3
   104,             LL_x IEEEX1 4,                  $x'_{LL}$ IEEEX1 4
   105,             LL_x IEEEX1 5,                  $x'_{LL}$ IEEEX1 5
   106,             LL_x IEEEX1 6,                  $x'_{LL}$ IEEEX1 6
   107,             LL_x IEEEX1 7,                  $x'_{LL}$ IEEEX1 7
   108,             LL_x IEEEX1 8,                  $x'_{LL}$ IEEEX1 8
   109,             LL_x IEEEX1 9,                  $x'_{LL}$ IEEEX1 9
   110,            LL_x IEEEX1 10,                 $x'_{LL}$ IEEEX1 10
   111,             LA_y IEEEX1 1,                   $y_{LA}$ IEEEX1 1
   112,             LA_y IEEEX1 2,                   $y_{LA}$ IEEEX1 2
   113,             LA_y IEEEX1 3,                   $y_{LA}$ IEEEX1 3
   114,             LA_y IEEEX1 4,                   $y_{LA}$ IEEEX1 4
   115,             LA_y IEEEX1 5,                   $y_{LA}$ IEEEX1 5
   116,             LA_y IEEEX1 6,                   $y_{LA}$ IEEEX1 6
   117,             LA_y IEEEX1 7,                   $y_{LA}$ IEEEX1 7
   118,             LA_y IEEEX1 8,                   $y_{LA}$ IEEEX1 8
   119,             LA_y IEEEX1 9,                   $y_{LA}$ IEEEX1 9
   120,            LA_y IEEEX1 10,                  $y_{LA}$ IEEEX1 10
   121,              W_x IEEEX1 1,                   $x'_{W}$ IEEEX1 1
   122,              W_x IEEEX1 2,                   $x'_{W}$ IEEEX1 2
   123,              W_x IEEEX1 3,                   $x'_{W}$ IEEEX1 3
   124,              W_x IEEEX1 4,                   $x'_{W}$ IEEEX1 4
   125,              W_x IEEEX1 5,                   $x'_{W}$ IEEEX1 5
   126,              W_x IEEEX1 6,                   $x'_{W}$ IEEEX1 6
   127,              W_x IEEEX1 7,                   $x'_{W}$ IEEEX1 7
   128,              W_x IEEEX1 8,                   $x'_{W}$ IEEEX1 8
   129,              W_x IEEEX1 9,                   $x'_{W}$ IEEEX1 9
   130,             W_x IEEEX1 10,                  $x'_{W}$ IEEEX1 10
   131,             F1_x IEEEST 1,                  $x'_{F1}$ IEEEST 1
   132,             F1_x IEEEST 2,                  $x'_{F1}$ IEEEST 2
   133,             F1_x IEEEST 3,                  $x'_{F1}$ IEEEST 3
   134,             F1_x IEEEST 4,                  $x'_{F1}$ IEEEST 4
   135,             F1_x IEEEST 5,                  $x'_{F1}$ IEEEST 5
   136,             F1_x IEEEST 6,                  $x'_{F1}$ IEEEST 6
   137,             F1_x IEEEST 7,                  $x'_{F1}$ IEEEST 7
   138,             F1_x IEEEST 8,                  $x'_{F1}$ IEEEST 8
   139,             F1_x IEEEST 9,                  $x'_{F1}$ IEEEST 9
   140,            F1_x IEEEST 10,                 $x'_{F1}$ IEEEST 10
   141,             F1_y IEEEST 1,                   $y_{F1}$ IEEEST 1
   142,             F1_y IEEEST 2,                   $y_{F1}$ IEEEST 2
   143,             F1_y IEEEST 3,                   $y_{F1}$ IEEEST 3
   144,             F1_y IEEEST 4,                   $y_{F1}$ IEEEST 4
   145,             F1_y IEEEST 5,                   $y_{F1}$ IEEEST 5
   146,             F1_y IEEEST 6,                   $y_{F1}$ IEEEST 6
   147,             F1_y IEEEST 7,                   $y_{F1}$ IEEEST 7
   148,             F1_y IEEEST 8,                   $y_{F1}$ IEEEST 8
   149,             F1_y IEEEST 9,                   $y_{F1}$ IEEEST 9
   150,            F1_y IEEEST 10,                  $y_{F1}$ IEEEST 10
   151,            F2_x1 IEEEST 1,                  $x'_{F2}$ IEEEST 1
   152,            F2_x1 IEEEST 2,                  $x'_{F2}$ IEEEST 2
   153,            F2_x1 IEEEST 3,                  $x'_{F2}$ IEEEST 3
   154,            F2_x1 IEEEST 4,                  $x'_{F2}$ IEEEST 4
   155,            F2_x1 IEEEST 5,                  $x'_{F2}$ IEEEST 5
   156,            F2_x1 IEEEST 6,                  $x'_{F2}$ IEEEST 6
   157,            F2_x1 IEEEST 7,                  $x'_{F2}$ IEEEST 7
   158,            F2_x1 IEEEST 8,                  $x'_{F2}$ IEEEST 8
   159,            F2_x1 IEEEST 9,                  $x'_{F2}$ IEEEST 9
   160,           F2_x1 IEEEST 10,                 $x'_{F2}$ IEEEST 10
   161,            F2_x2 IEEEST 1,                 $x''_{F2}$ IEEEST 1
   162,            F2_x2 IEEEST 2,                 $x''_{F2}$ IEEEST 2
   163,            F2_x2 IEEEST 3,                 $x''_{F2}$ IEEEST 3
   164,            F2_x2 IEEEST 4,                 $x''_{F2}$ IEEEST 4
   165,            F2_x2 IEEEST 5,                 $x''_{F2}$ IEEEST 5
   166,            F2_x2 IEEEST 6,                 $x''_{F2}$ IEEEST 6
   167,            F2_x2 IEEEST 7,                 $x''_{F2}$ IEEEST 7
   168,            F2_x2 IEEEST 8,                 $x''_{F2}$ IEEEST 8
   169,            F2_x2 IEEEST 9,                 $x''_{F2}$ IEEEST 9
   170,           F2_x2 IEEEST 10,                $x''_{F2}$ IEEEST 10
   171,            LL1_x IEEEST 1,                 $x'_{LL1}$ IEEEST 1
   172,            LL1_x IEEEST 2,                 $x'_{LL1}$ IEEEST 2
   173,            LL1_x IEEEST 3,                 $x'_{LL1}$ IEEEST 3
   174,            LL1_x IEEEST 4,                 $x'_{LL1}$ IEEEST 4
   175,            LL1_x IEEEST 5,                 $x'_{LL1}$ IEEEST 5
   176,            LL1_x IEEEST 6,                 $x'_{LL1}$ IEEEST 6
   177,            LL1_x IEEEST 7,                 $x'_{LL1}$ IEEEST 7
   178,            LL1_x IEEEST 8,                 $x'_{LL1}$ IEEEST 8
   179,            LL1_x IEEEST 9,                 $x'_{LL1}$ IEEEST 9
   180,           LL1_x IEEEST 10,                $x'_{LL1}$ IEEEST 10
   181,            LL2_x IEEEST 1,                 $x'_{LL2}$ IEEEST 1
   182,            LL2_x IEEEST 2,                 $x'_{LL2}$ IEEEST 2
   183,            LL2_x IEEEST 3,                 $x'_{LL2}$ IEEEST 3
   184,            LL2_x IEEEST 4,                 $x'_{LL2}$ IEEEST 4
   185,            LL2_x IEEEST 5,                 $x'_{LL2}$ IEEEST 5
   186,            LL2_x IEEEST 6,                 $x'_{LL2}$ IEEEST 6
   187,            LL2_x IEEEST 7,                 $x'_{LL2}$ IEEEST 7
   188,            LL2_x IEEEST 8,                 $x'_{LL2}$ IEEEST 8
   189,            LL2_x IEEEST 9,                 $x'_{LL2}$ IEEEST 9
   190,           LL2_x IEEEST 10,                $x'_{LL2}$ IEEEST 10
   191,             WO_x IEEEST 1,                  $x'_{WO}$ IEEEST 1
   192,             WO_x IEEEST 2,                  $x'_{WO}$ IEEEST 2
   193,             WO_x IEEEST 3,                  $x'_{WO}$ IEEEST 3
   194,             WO_x IEEEST 4,                  $x'_{WO}$ IEEEST 4
   195,             WO_x IEEEST 5,                  $x'_{WO}$ IEEEST 5
   196,             WO_x IEEEST 6,                  $x'_{WO}$ IEEEST 6
   197,             WO_x IEEEST 7,                  $x'_{WO}$ IEEEST 7
   198,             WO_x IEEEST 8,                  $x'_{WO}$ IEEEST 8
   199,             WO_x IEEEST 9,                  $x'_{WO}$ IEEEST 9
   200,            WO_x IEEEST 10,                 $x'_{WO}$ IEEEST 10
   201,             L_y BusFreq 1,                   $y_{L}$ BusFreq 1
   202,             L_y BusFreq 2,                   $y_{L}$ BusFreq 2
   203,             L_y BusFreq 3,                   $y_{L}$ BusFreq 3
   204,             L_y BusFreq 4,                   $y_{L}$ BusFreq 4
   205,             L_y BusFreq 5,                   $y_{L}$ BusFreq 5
   206,             L_y BusFreq 6,                   $y_{L}$ BusFreq 6
   207,             L_y BusFreq 7,                   $y_{L}$ BusFreq 7
   208,             L_y BusFreq 8,                   $y_{L}$ BusFreq 8
   209,             L_y BusFreq 9,                   $y_{L}$ BusFreq 9
   210,            L_y BusFreq 10,                  $y_{L}$ BusFreq 10
   211,            L_y BusFreq 11,                  $y_{L}$ BusFreq 11
   212,            L_y BusFreq 12,                  $y_{L}$ BusFreq 12
   213,            L_y BusFreq 13,                  $y_{L}$ BusFreq 13
   214,            L_y BusFreq 14,                  $y_{L}$ BusFreq 14
   215,            L_y BusFreq 15,                  $y_{L}$ BusFreq 15
   216,            L_y BusFreq 16,                  $y_{L}$ BusFreq 16
   217,            L_y BusFreq 17,                  $y_{L}$ BusFreq 17
   218,            L_y BusFreq 18,                  $y_{L}$ BusFreq 18
   219,            L_y BusFreq 19,                  $y_{L}$ BusFreq 19
   220,            L_y BusFreq 20,                  $y_{L}$ BusFreq 20
   221,            L_y BusFreq 21,                  $y_{L}$ BusFreq 21
   222,            L_y BusFreq 22,                  $y_{L}$ BusFreq 22
   223,            L_y BusFreq 23,                  $y_{L}$ BusFreq 23
   224,            L_y BusFreq 24,                  $y_{L}$ BusFreq 24
   225,            L_y BusFreq 25,                  $y_{L}$ BusFreq 25
   226,            L_y BusFreq 26,                  $y_{L}$ BusFreq 26
   227,            L_y BusFreq 27,                  $y_{L}$ BusFreq 27
   228,            L_y BusFreq 28,                  $y_{L}$ BusFreq 28
   229,            L_y BusFreq 29,                  $y_{L}$ BusFreq 29
   230,            L_y BusFreq 30,                  $y_{L}$ BusFreq 30
   231,            L_y BusFreq 31,                  $y_{L}$ BusFreq 31
   232,            L_y BusFreq 32,                  $y_{L}$ BusFreq 32
   233,            L_y BusFreq 33,                  $y_{L}$ BusFreq 33
   234,            L_y BusFreq 34,                  $y_{L}$ BusFreq 34
   235,            L_y BusFreq 35,                  $y_{L}$ BusFreq 35
   236,            L_y BusFreq 36,                  $y_{L}$ BusFreq 36
   237,            L_y BusFreq 37,                  $y_{L}$ BusFreq 37
   238,            L_y BusFreq 38,                  $y_{L}$ BusFreq 38
   239,            L_y BusFreq 39,                  $y_{L}$ BusFreq 39
   240,            WO_x BusFreq 1,                 $x'_{WO}$ BusFreq 1
   241,            WO_x BusFreq 2,                 $x'_{WO}$ BusFreq 2
   242,            WO_x BusFreq 3,                 $x'_{WO}$ BusFreq 3
   243,            WO_x BusFreq 4,                 $x'_{WO}$ BusFreq 4
   244,            WO_x BusFreq 5,                 $x'_{WO}$ BusFreq 5
   245,            WO_x BusFreq 6,                 $x'_{WO}$ BusFreq 6
   246,            WO_x BusFreq 7,                 $x'_{WO}$ BusFreq 7
   247,            WO_x BusFreq 8,                 $x'_{WO}$ BusFreq 8
   248,            WO_x BusFreq 9,                 $x'_{WO}$ BusFreq 9
   249,           WO_x BusFreq 10,                $x'_{WO}$ BusFreq 10
   250,           WO_x BusFreq 11,                $x'_{WO}$ BusFreq 11
   251,           WO_x BusFreq 12,                $x'_{WO}$ BusFreq 12
   252,           WO_x BusFreq 13,                $x'_{WO}$ BusFreq 13
   253,           WO_x BusFreq 14,                $x'_{WO}$ BusFreq 14
   254,           WO_x BusFreq 15,                $x'_{WO}$ BusFreq 15
   255,           WO_x BusFreq 16,                $x'_{WO}$ BusFreq 16
   256,           WO_x BusFreq 17,                $x'_{WO}$ BusFreq 17
   257,           WO_x BusFreq 18,                $x'_{WO}$ BusFreq 18
   258,           WO_x BusFreq 19,                $x'_{WO}$ BusFreq 19
   259,           WO_x BusFreq 20,                $x'_{WO}$ BusFreq 20
   260,           WO_x BusFreq 21,                $x'_{WO}$ BusFreq 21
   261,           WO_x BusFreq 22,                $x'_{WO}$ BusFreq 22
   262,           WO_x BusFreq 23,                $x'_{WO}$ BusFreq 23
   263,           WO_x BusFreq 24,                $x'_{WO}$ BusFreq 24
   264,           WO_x BusFreq 25,                $x'_{WO}$ BusFreq 25
   265,           WO_x BusFreq 26,                $x'_{WO}$ BusFreq 26
   266,           WO_x BusFreq 27,                $x'_{WO}$ BusFreq 27
   267,           WO_x BusFreq 28,                $x'_{WO}$ BusFreq 28
   268,           WO_x BusFreq 29,                $x'_{WO}$ BusFreq 29
   269,           WO_x BusFreq 30,                $x'_{WO}$ BusFreq 30
   270,           WO_x BusFreq 31,                $x'_{WO}$ BusFreq 31
   271,           WO_x BusFreq 32,                $x'_{WO}$ BusFreq 32
   272,           WO_x BusFreq 33,                $x'_{WO}$ BusFreq 33
   273,           WO_x BusFreq 34,                $x'_{WO}$ BusFreq 34
   274,           WO_x BusFreq 35,                $x'_{WO}$ BusFreq 35
   275,           WO_x BusFreq 36,                $x'_{WO}$ BusFreq 36
   276,           WO_x BusFreq 37,                $x'_{WO}$ BusFreq 37
   277,           WO_x BusFreq 38,                $x'_{WO}$ BusFreq 38
   278,           WO_x BusFreq 39,                $x'_{WO}$ BusFreq 39
   279,          Ipout_y EV2 EV 1,                $y_{Ipout}$ EV2 EV 1
   280,          Iqout_y EV2 EV 1,                $y_{Iqout}$ EV2 EV 1
   281,            pIG_y EV2 EV 1,                  $y_{pIG}$ EV2 EV 1
   282,                   a Bus 1,                      $\theta$ Bus 1
   283,                   a Bus 2,                      $\theta$ Bus 2
   284,                   a Bus 3,                      $\theta$ Bus 3
   285,                   a Bus 4,                      $\theta$ Bus 4
   286,                   a Bus 5,                      $\theta$ Bus 5
   287,                   a Bus 6,                      $\theta$ Bus 6
   288,                   a Bus 7,                      $\theta$ Bus 7
   289,                   a Bus 8,                      $\theta$ Bus 8
   290,                   a Bus 9,                      $\theta$ Bus 9
   291,                  a Bus 10,                     $\theta$ Bus 10
   292,                  a Bus 11,                     $\theta$ Bus 11
   293,                  a Bus 12,                     $\theta$ Bus 12
   294,                  a Bus 13,                     $\theta$ Bus 13
   295,                  a Bus 14,                     $\theta$ Bus 14
   296,                  a Bus 15,                     $\theta$ Bus 15
   297,                  a Bus 16,                     $\theta$ Bus 16
   298,                  a Bus 17,                     $\theta$ Bus 17
   299,                  a Bus 18,                     $\theta$ Bus 18
   300,                  a Bus 19,                     $\theta$ Bus 19
   301,                  a Bus 20,                     $\theta$ Bus 20
   302,                  a Bus 21,                     $\theta$ Bus 21
   303,                  a Bus 22,                     $\theta$ Bus 22
   304,                  a Bus 23,                     $\theta$ Bus 23
   305,                  a Bus 24,                     $\theta$ Bus 24
   306,                  a Bus 25,                     $\theta$ Bus 25
   307,                  a Bus 26,                     $\theta$ Bus 26
   308,                  a Bus 27,                     $\theta$ Bus 27
   309,                  a Bus 28,                     $\theta$ Bus 28
   310,                  a Bus 29,                     $\theta$ Bus 29
   311,                  a Bus 30,                     $\theta$ Bus 30
   312,                  a Bus 31,                     $\theta$ Bus 31
   313,                  a Bus 32,                     $\theta$ Bus 32
   314,                  a Bus 33,                     $\theta$ Bus 33
   315,                  a Bus 34,                     $\theta$ Bus 34
   316,                  a Bus 35,                     $\theta$ Bus 35
   317,                  a Bus 36,                     $\theta$ Bus 36
   318,                  a Bus 37,                     $\theta$ Bus 37
   319,                  a Bus 38,                     $\theta$ Bus 38
   320,                  a Bus 39,                     $\theta$ Bus 39
   321,                   v Bus 1,                           $V$ Bus 1
   322,                   v Bus 2,                           $V$ Bus 2
   323,                   v Bus 3,                           $V$ Bus 3
   324,                   v Bus 4,                           $V$ Bus 4
   325,                   v Bus 5,                           $V$ Bus 5
   326,                   v Bus 6,                           $V$ Bus 6
   327,                   v Bus 7,                           $V$ Bus 7
   328,                   v Bus 8,                           $V$ Bus 8
   329,                   v Bus 9,                           $V$ Bus 9
   330,                  v Bus 10,                          $V$ Bus 10
   331,                  v Bus 11,                          $V$ Bus 11
   332,                  v Bus 12,                          $V$ Bus 12
   333,                  v Bus 13,                          $V$ Bus 13
   334,                  v Bus 14,                          $V$ Bus 14
   335,                  v Bus 15,                          $V$ Bus 15
   336,                  v Bus 16,                          $V$ Bus 16
   337,                  v Bus 17,                          $V$ Bus 17
   338,                  v Bus 18,                          $V$ Bus 18
   339,                  v Bus 19,                          $V$ Bus 19
   340,                  v Bus 20,                          $V$ Bus 20
   341,                  v Bus 21,                          $V$ Bus 21
   342,                  v Bus 22,                          $V$ Bus 22
   343,                  v Bus 23,                          $V$ Bus 23
   344,                  v Bus 24,                          $V$ Bus 24
   345,                  v Bus 25,                          $V$ Bus 25
   346,                  v Bus 26,                          $V$ Bus 26
   347,                  v Bus 27,                          $V$ Bus 27
   348,                  v Bus 28,                          $V$ Bus 28
   349,                  v Bus 29,                          $V$ Bus 29
   350,                  v Bus 30,                          $V$ Bus 30
   351,                  v Bus 31,                          $V$ Bus 31
   352,                  v Bus 32,                          $V$ Bus 32
   353,                  v Bus 33,                          $V$ Bus 33
   354,                  v Bus 34,                          $V$ Bus 34
   355,                  v Bus 35,                          $V$ Bus 35
   356,                  v Bus 36,                          $V$ Bus 36
   357,                  v Bus 37,                          $V$ Bus 37
   358,                  v Bus 38,                          $V$ Bus 38
   359,                  v Bus 39,                          $V$ Bus 39
   360,                    q PV 1,                            $q$ PV 1
   361,                    q PV 2,                            $q$ PV 2
   362,                    q PV 3,                            $q$ PV 3
   363,                    q PV 4,                            $q$ PV 4
   364,                    q PV 5,                            $q$ PV 5
   365,                    q PV 6,                            $q$ PV 6
   366,                    q PV 7,                            $q$ PV 7
   367,                    q PV 8,                            $q$ PV 8
   368,                    q PV 9,                            $q$ PV 9
   369,                   q PV 10,                           $q$ PV 10
   370,                q Slack 10,                        $q$ Slack 10
   371,                p Slack 10,                        $p$ Slack 10
   372,                ace ACEc 1,                        $ace$ ACEc 1
   373,               Id GENROU 1,                      $I_d$ GENROU 1
   374,               Id GENROU 2,                      $I_d$ GENROU 2
   375,               Id GENROU 3,                      $I_d$ GENROU 3
   376,               Id GENROU 4,                      $I_d$ GENROU 4
   377,               Id GENROU 5,                      $I_d$ GENROU 5
   378,               Id GENROU 6,                      $I_d$ GENROU 6
   379,               Id GENROU 7,                      $I_d$ GENROU 7
   380,               Id GENROU 8,                      $I_d$ GENROU 8
   381,               Id GENROU 9,                      $I_d$ GENROU 9
   382,              Id GENROU 10,                     $I_d$ GENROU 10
   383,               Iq GENROU 1,                      $I_q$ GENROU 1
   384,               Iq GENROU 2,                      $I_q$ GENROU 2
   385,               Iq GENROU 3,                      $I_q$ GENROU 3
   386,               Iq GENROU 4,                      $I_q$ GENROU 4
   387,               Iq GENROU 5,                      $I_q$ GENROU 5
   388,               Iq GENROU 6,                      $I_q$ GENROU 6
   389,               Iq GENROU 7,                      $I_q$ GENROU 7
   390,               Iq GENROU 8,                      $I_q$ GENROU 8
   391,               Iq GENROU 9,                      $I_q$ GENROU 9
   392,              Iq GENROU 10,                     $I_q$ GENROU 10
   393,               vd GENROU 1,                      $V_d$ GENROU 1
   394,               vd GENROU 2,                      $V_d$ GENROU 2
   395,               vd GENROU 3,                      $V_d$ GENROU 3
   396,               vd GENROU 4,                      $V_d$ GENROU 4
   397,               vd GENROU 5,                      $V_d$ GENROU 5
   398,               vd GENROU 6,                      $V_d$ GENROU 6
   399,               vd GENROU 7,                      $V_d$ GENROU 7
   400,               vd GENROU 8,                      $V_d$ GENROU 8
   401,               vd GENROU 9,                      $V_d$ GENROU 9
   402,              vd GENROU 10,                     $V_d$ GENROU 10
   403,               vq GENROU 1,                      $V_q$ GENROU 1
   404,               vq GENROU 2,                      $V_q$ GENROU 2
   405,               vq GENROU 3,                      $V_q$ GENROU 3
   406,               vq GENROU 4,                      $V_q$ GENROU 4
   407,               vq GENROU 5,                      $V_q$ GENROU 5
   408,               vq GENROU 6,                      $V_q$ GENROU 6
   409,               vq GENROU 7,                      $V_q$ GENROU 7
   410,               vq GENROU 8,                      $V_q$ GENROU 8
   411,               vq GENROU 9,                      $V_q$ GENROU 9
   412,              vq GENROU 10,                     $V_q$ GENROU 10
   413,               tm GENROU 1,                   $\tau_m$ GENROU 1
   414,               tm GENROU 2,                   $\tau_m$ GENROU 2
   415,               tm GENROU 3,                   $\tau_m$ GENROU 3
   416,               tm GENROU 4,                   $\tau_m$ GENROU 4
   417,               tm GENROU 5,                   $\tau_m$ GENROU 5
   418,               tm GENROU 6,                   $\tau_m$ GENROU 6
   419,               tm GENROU 7,                   $\tau_m$ GENROU 7
   420,               tm GENROU 8,                   $\tau_m$ GENROU 8
   421,               tm GENROU 9,                   $\tau_m$ GENROU 9
   422,              tm GENROU 10,                  $\tau_m$ GENROU 10
   423,               te GENROU 1,                   $\tau_e$ GENROU 1
   424,               te GENROU 2,                   $\tau_e$ GENROU 2
   425,               te GENROU 3,                   $\tau_e$ GENROU 3
   426,               te GENROU 4,                   $\tau_e$ GENROU 4
   427,               te GENROU 5,                   $\tau_e$ GENROU 5
   428,               te GENROU 6,                   $\tau_e$ GENROU 6
   429,               te GENROU 7,                   $\tau_e$ GENROU 7
   430,               te GENROU 8,                   $\tau_e$ GENROU 8
   431,               te GENROU 9,                   $\tau_e$ GENROU 9
   432,              te GENROU 10,                  $\tau_e$ GENROU 10
   433,               vf GENROU 1,                      $v_f$ GENROU 1
   434,               vf GENROU 2,                      $v_f$ GENROU 2
   435,               vf GENROU 3,                      $v_f$ GENROU 3
   436,               vf GENROU 4,                      $v_f$ GENROU 4
   437,               vf GENROU 5,                      $v_f$ GENROU 5
   438,               vf GENROU 6,                      $v_f$ GENROU 6
   439,               vf GENROU 7,                      $v_f$ GENROU 7
   440,               vf GENROU 8,                      $v_f$ GENROU 8
   441,               vf GENROU 9,                      $v_f$ GENROU 9
   442,              vf GENROU 10,                     $v_f$ GENROU 10
   443,           XadIfd GENROU 1,             $X_{ad}I_{fd}$ GENROU 1
   444,           XadIfd GENROU 2,             $X_{ad}I_{fd}$ GENROU 2
   445,           XadIfd GENROU 3,             $X_{ad}I_{fd}$ GENROU 3
   446,           XadIfd GENROU 4,             $X_{ad}I_{fd}$ GENROU 4
   447,           XadIfd GENROU 5,             $X_{ad}I_{fd}$ GENROU 5
   448,           XadIfd GENROU 6,             $X_{ad}I_{fd}$ GENROU 6
   449,           XadIfd GENROU 7,             $X_{ad}I_{fd}$ GENROU 7
   450,           XadIfd GENROU 8,             $X_{ad}I_{fd}$ GENROU 8
   451,           XadIfd GENROU 9,             $X_{ad}I_{fd}$ GENROU 9
   452,          XadIfd GENROU 10,            $X_{ad}I_{fd}$ GENROU 10
   453,               Pe GENROU 1,                      $P_e$ GENROU 1
   454,               Pe GENROU 2,                      $P_e$ GENROU 2
   455,               Pe GENROU 3,                      $P_e$ GENROU 3
   456,               Pe GENROU 4,                      $P_e$ GENROU 4
   457,               Pe GENROU 5,                      $P_e$ GENROU 5
   458,               Pe GENROU 6,                      $P_e$ GENROU 6
   459,               Pe GENROU 7,                      $P_e$ GENROU 7
   460,               Pe GENROU 8,                      $P_e$ GENROU 8
   461,               Pe GENROU 9,                      $P_e$ GENROU 9
   462,              Pe GENROU 10,                     $P_e$ GENROU 10
   463,               Qe GENROU 1,                      $Q_e$ GENROU 1
   464,               Qe GENROU 2,                      $Q_e$ GENROU 2
   465,               Qe GENROU 3,                      $Q_e$ GENROU 3
   466,               Qe GENROU 4,                      $Q_e$ GENROU 4
   467,               Qe GENROU 5,                      $Q_e$ GENROU 5
   468,               Qe GENROU 6,                      $Q_e$ GENROU 6
   469,               Qe GENROU 7,                      $Q_e$ GENROU 7
   470,               Qe GENROU 8,                      $Q_e$ GENROU 8
   471,               Qe GENROU 9,                      $Q_e$ GENROU 9
   472,              Qe GENROU 10,                     $Q_e$ GENROU 10
   473,             psid GENROU 1,                   $\psi_d$ GENROU 1
   474,             psid GENROU 2,                   $\psi_d$ GENROU 2
   475,             psid GENROU 3,                   $\psi_d$ GENROU 3
   476,             psid GENROU 4,                   $\psi_d$ GENROU 4
   477,             psid GENROU 5,                   $\psi_d$ GENROU 5
   478,             psid GENROU 6,                   $\psi_d$ GENROU 6
   479,             psid GENROU 7,                   $\psi_d$ GENROU 7
   480,             psid GENROU 8,                   $\psi_d$ GENROU 8
   481,             psid GENROU 9,                   $\psi_d$ GENROU 9
   482,            psid GENROU 10,                  $\psi_d$ GENROU 10
   483,             psiq GENROU 1,                   $\psi_q$ GENROU 1
   484,             psiq GENROU 2,                   $\psi_q$ GENROU 2
   485,             psiq GENROU 3,                   $\psi_q$ GENROU 3
   486,             psiq GENROU 4,                   $\psi_q$ GENROU 4
   487,             psiq GENROU 5,                   $\psi_q$ GENROU 5
   488,             psiq GENROU 6,                   $\psi_q$ GENROU 6
   489,             psiq GENROU 7,                   $\psi_q$ GENROU 7
   490,             psiq GENROU 8,                   $\psi_q$ GENROU 8
   491,             psiq GENROU 9,                   $\psi_q$ GENROU 9
   492,            psiq GENROU 10,                  $\psi_q$ GENROU 10
   493,            psi2q GENROU 1,                $\psi_{aq}$ GENROU 1
   494,            psi2q GENROU 2,                $\psi_{aq}$ GENROU 2
   495,            psi2q GENROU 3,                $\psi_{aq}$ GENROU 3
   496,            psi2q GENROU 4,                $\psi_{aq}$ GENROU 4
   497,            psi2q GENROU 5,                $\psi_{aq}$ GENROU 5
   498,            psi2q GENROU 6,                $\psi_{aq}$ GENROU 6
   499,            psi2q GENROU 7,                $\psi_{aq}$ GENROU 7
   500,            psi2q GENROU 8,                $\psi_{aq}$ GENROU 8
   501,            psi2q GENROU 9,                $\psi_{aq}$ GENROU 9
   502,           psi2q GENROU 10,               $\psi_{aq}$ GENROU 10
   503,            psi2d GENROU 1,                $\psi_{ad}$ GENROU 1
   504,            psi2d GENROU 2,                $\psi_{ad}$ GENROU 2
   505,            psi2d GENROU 3,                $\psi_{ad}$ GENROU 3
   506,            psi2d GENROU 4,                $\psi_{ad}$ GENROU 4
   507,            psi2d GENROU 5,                $\psi_{ad}$ GENROU 5
   508,            psi2d GENROU 6,                $\psi_{ad}$ GENROU 6
   509,            psi2d GENROU 7,                $\psi_{ad}$ GENROU 7
   510,            psi2d GENROU 8,                $\psi_{ad}$ GENROU 8
   511,            psi2d GENROU 9,                $\psi_{ad}$ GENROU 9
   512,           psi2d GENROU 10,               $\psi_{ad}$ GENROU 10
   513,             psi2 GENROU 1,                   $\psi_a$ GENROU 1
   514,             psi2 GENROU 2,                   $\psi_a$ GENROU 2
   515,             psi2 GENROU 3,                   $\psi_a$ GENROU 3
   516,             psi2 GENROU 4,                   $\psi_a$ GENROU 4
   517,             psi2 GENROU 5,                   $\psi_a$ GENROU 5
   518,             psi2 GENROU 6,                   $\psi_a$ GENROU 6
   519,             psi2 GENROU 7,                   $\psi_a$ GENROU 7
   520,             psi2 GENROU 8,                   $\psi_a$ GENROU 8
   521,             psi2 GENROU 9,                   $\psi_a$ GENROU 9
   522,            psi2 GENROU 10,                  $\psi_a$ GENROU 10
   523,               Se GENROU 1,          $S_e(|\psi_{a}|)$ GENROU 1
   524,               Se GENROU 2,          $S_e(|\psi_{a}|)$ GENROU 2
   525,               Se GENROU 3,          $S_e(|\psi_{a}|)$ GENROU 3
   526,               Se GENROU 4,          $S_e(|\psi_{a}|)$ GENROU 4
   527,               Se GENROU 5,          $S_e(|\psi_{a}|)$ GENROU 5
   528,               Se GENROU 6,          $S_e(|\psi_{a}|)$ GENROU 6
   529,               Se GENROU 7,          $S_e(|\psi_{a}|)$ GENROU 7
   530,               Se GENROU 8,          $S_e(|\psi_{a}|)$ GENROU 8
   531,               Se GENROU 9,          $S_e(|\psi_{a}|)$ GENROU 9
   532,              Se GENROU 10,         $S_e(|\psi_{a}|)$ GENROU 10
   533,           XaqI1q GENROU 1,             $X_{aq}I_{1q}$ GENROU 1
   534,           XaqI1q GENROU 2,             $X_{aq}I_{1q}$ GENROU 2
   535,           XaqI1q GENROU 3,             $X_{aq}I_{1q}$ GENROU 3
   536,           XaqI1q GENROU 4,             $X_{aq}I_{1q}$ GENROU 4
   537,           XaqI1q GENROU 5,             $X_{aq}I_{1q}$ GENROU 5
   538,           XaqI1q GENROU 6,             $X_{aq}I_{1q}$ GENROU 6
   539,           XaqI1q GENROU 7,             $X_{aq}I_{1q}$ GENROU 7
   540,           XaqI1q GENROU 8,             $X_{aq}I_{1q}$ GENROU 8
   541,           XaqI1q GENROU 9,             $X_{aq}I_{1q}$ GENROU 9
   542,          XaqI1q GENROU 10,            $X_{aq}I_{1q}$ GENROU 10
   543,       paux TGOV1N TGOV1 1,            $P_{aux}$ TGOV1N TGOV1 1
   544,       paux TGOV1N TGOV1 2,            $P_{aux}$ TGOV1N TGOV1 2
   545,       paux TGOV1N TGOV1 3,            $P_{aux}$ TGOV1N TGOV1 3
   546,       paux TGOV1N TGOV1 4,            $P_{aux}$ TGOV1N TGOV1 4
   547,       paux TGOV1N TGOV1 5,            $P_{aux}$ TGOV1N TGOV1 5
   548,       paux TGOV1N TGOV1 6,            $P_{aux}$ TGOV1N TGOV1 6
   549,       paux TGOV1N TGOV1 7,            $P_{aux}$ TGOV1N TGOV1 7
   550,       paux TGOV1N TGOV1 8,            $P_{aux}$ TGOV1N TGOV1 8
   551,       paux TGOV1N TGOV1 9,            $P_{aux}$ TGOV1N TGOV1 9
   552,      paux TGOV1N TGOV1 10,           $P_{aux}$ TGOV1N TGOV1 10
   553,       pout TGOV1N TGOV1 1,            $P_{out}$ TGOV1N TGOV1 1
   554,       pout TGOV1N TGOV1 2,            $P_{out}$ TGOV1N TGOV1 2
   555,       pout TGOV1N TGOV1 3,            $P_{out}$ TGOV1N TGOV1 3
   556,       pout TGOV1N TGOV1 4,            $P_{out}$ TGOV1N TGOV1 4
   557,       pout TGOV1N TGOV1 5,            $P_{out}$ TGOV1N TGOV1 5
   558,       pout TGOV1N TGOV1 6,            $P_{out}$ TGOV1N TGOV1 6
   559,       pout TGOV1N TGOV1 7,            $P_{out}$ TGOV1N TGOV1 7
   560,       pout TGOV1N TGOV1 8,            $P_{out}$ TGOV1N TGOV1 8
   561,       pout TGOV1N TGOV1 9,            $P_{out}$ TGOV1N TGOV1 9
   562,      pout TGOV1N TGOV1 10,           $P_{out}$ TGOV1N TGOV1 10
   563,       wref TGOV1N TGOV1 1,       $\omega_{ref}$ TGOV1N TGOV1 1
   564,       wref TGOV1N TGOV1 2,       $\omega_{ref}$ TGOV1N TGOV1 2
   565,       wref TGOV1N TGOV1 3,       $\omega_{ref}$ TGOV1N TGOV1 3
   566,       wref TGOV1N TGOV1 4,       $\omega_{ref}$ TGOV1N TGOV1 4
   567,       wref TGOV1N TGOV1 5,       $\omega_{ref}$ TGOV1N TGOV1 5
   568,       wref TGOV1N TGOV1 6,       $\omega_{ref}$ TGOV1N TGOV1 6
   569,       wref TGOV1N TGOV1 7,       $\omega_{ref}$ TGOV1N TGOV1 7
   570,       wref TGOV1N TGOV1 8,       $\omega_{ref}$ TGOV1N TGOV1 8
   571,       wref TGOV1N TGOV1 9,       $\omega_{ref}$ TGOV1N TGOV1 9
   572,      wref TGOV1N TGOV1 10,      $\omega_{ref}$ TGOV1N TGOV1 10
   573,       pref TGOV1N TGOV1 1,            $P_{ref}$ TGOV1N TGOV1 1
   574,       pref TGOV1N TGOV1 2,            $P_{ref}$ TGOV1N TGOV1 2
   575,       pref TGOV1N TGOV1 3,            $P_{ref}$ TGOV1N TGOV1 3
   576,       pref TGOV1N TGOV1 4,            $P_{ref}$ TGOV1N TGOV1 4
   577,       pref TGOV1N TGOV1 5,            $P_{ref}$ TGOV1N TGOV1 5
   578,       pref TGOV1N TGOV1 6,            $P_{ref}$ TGOV1N TGOV1 6
   579,       pref TGOV1N TGOV1 7,            $P_{ref}$ TGOV1N TGOV1 7
   580,       pref TGOV1N TGOV1 8,            $P_{ref}$ TGOV1N TGOV1 8
   581,       pref TGOV1N TGOV1 9,            $P_{ref}$ TGOV1N TGOV1 9
   582,      pref TGOV1N TGOV1 10,           $P_{ref}$ TGOV1N TGOV1 10
   583,         wd TGOV1N TGOV1 1,       $\omega_{dev}$ TGOV1N TGOV1 1
   584,         wd TGOV1N TGOV1 2,       $\omega_{dev}$ TGOV1N TGOV1 2
   585,         wd TGOV1N TGOV1 3,       $\omega_{dev}$ TGOV1N TGOV1 3
   586,         wd TGOV1N TGOV1 4,       $\omega_{dev}$ TGOV1N TGOV1 4
   587,         wd TGOV1N TGOV1 5,       $\omega_{dev}$ TGOV1N TGOV1 5
   588,         wd TGOV1N TGOV1 6,       $\omega_{dev}$ TGOV1N TGOV1 6
   589,         wd TGOV1N TGOV1 7,       $\omega_{dev}$ TGOV1N TGOV1 7
   590,         wd TGOV1N TGOV1 8,       $\omega_{dev}$ TGOV1N TGOV1 8
   591,         wd TGOV1N TGOV1 9,       $\omega_{dev}$ TGOV1N TGOV1 9
   592,        wd TGOV1N TGOV1 10,      $\omega_{dev}$ TGOV1N TGOV1 10
   593,         pd TGOV1N TGOV1 1,                $P_d$ TGOV1N TGOV1 1
   594,         pd TGOV1N TGOV1 2,                $P_d$ TGOV1N TGOV1 2
   595,         pd TGOV1N TGOV1 3,                $P_d$ TGOV1N TGOV1 3
   596,         pd TGOV1N TGOV1 4,                $P_d$ TGOV1N TGOV1 4
   597,         pd TGOV1N TGOV1 5,                $P_d$ TGOV1N TGOV1 5
   598,         pd TGOV1N TGOV1 6,                $P_d$ TGOV1N TGOV1 6
   599,         pd TGOV1N TGOV1 7,                $P_d$ TGOV1N TGOV1 7
   600,         pd TGOV1N TGOV1 8,                $P_d$ TGOV1N TGOV1 8
   601,         pd TGOV1N TGOV1 9,                $P_d$ TGOV1N TGOV1 9
   602,        pd TGOV1N TGOV1 10,               $P_d$ TGOV1N TGOV1 10
   603,       LL_y TGOV1N TGOV1 1,             $y_{LL}$ TGOV1N TGOV1 1
   604,       LL_y TGOV1N TGOV1 2,             $y_{LL}$ TGOV1N TGOV1 2
   605,       LL_y TGOV1N TGOV1 3,             $y_{LL}$ TGOV1N TGOV1 3
   606,       LL_y TGOV1N TGOV1 4,             $y_{LL}$ TGOV1N TGOV1 4
   607,       LL_y TGOV1N TGOV1 5,             $y_{LL}$ TGOV1N TGOV1 5
   608,       LL_y TGOV1N TGOV1 6,             $y_{LL}$ TGOV1N TGOV1 6
   609,       LL_y TGOV1N TGOV1 7,             $y_{LL}$ TGOV1N TGOV1 7
   610,       LL_y TGOV1N TGOV1 8,             $y_{LL}$ TGOV1N TGOV1 8
   611,       LL_y TGOV1N TGOV1 9,             $y_{LL}$ TGOV1N TGOV1 9
   612,      LL_y TGOV1N TGOV1 10,            $y_{LL}$ TGOV1N TGOV1 10
   613,                v IEEEX1 1,                 $E_{term}$ IEEEX1 1
   614,                v IEEEX1 2,                 $E_{term}$ IEEEX1 2
   615,                v IEEEX1 3,                 $E_{term}$ IEEEX1 3
   616,                v IEEEX1 4,                 $E_{term}$ IEEEX1 4
   617,                v IEEEX1 5,                 $E_{term}$ IEEEX1 5
   618,                v IEEEX1 6,                 $E_{term}$ IEEEX1 6
   619,                v IEEEX1 7,                 $E_{term}$ IEEEX1 7
   620,                v IEEEX1 8,                 $E_{term}$ IEEEX1 8
   621,                v IEEEX1 9,                 $E_{term}$ IEEEX1 9
   622,               v IEEEX1 10,                $E_{term}$ IEEEX1 10
   623,             vout IEEEX1 1,                  $v_{out}$ IEEEX1 1
   624,             vout IEEEX1 2,                  $v_{out}$ IEEEX1 2
   625,             vout IEEEX1 3,                  $v_{out}$ IEEEX1 3
   626,             vout IEEEX1 4,                  $v_{out}$ IEEEX1 4
   627,             vout IEEEX1 5,                  $v_{out}$ IEEEX1 5
   628,             vout IEEEX1 6,                  $v_{out}$ IEEEX1 6
   629,             vout IEEEX1 7,                  $v_{out}$ IEEEX1 7
   630,             vout IEEEX1 8,                  $v_{out}$ IEEEX1 8
   631,             vout IEEEX1 9,                  $v_{out}$ IEEEX1 9
   632,            vout IEEEX1 10,                 $v_{out}$ IEEEX1 10
   633,             vref IEEEX1 1,                  $V_{ref}$ IEEEX1 1
   634,             vref IEEEX1 2,                  $V_{ref}$ IEEEX1 2
   635,             vref IEEEX1 3,                  $V_{ref}$ IEEEX1 3
   636,             vref IEEEX1 4,                  $V_{ref}$ IEEEX1 4
   637,             vref IEEEX1 5,                  $V_{ref}$ IEEEX1 5
   638,             vref IEEEX1 6,                  $V_{ref}$ IEEEX1 6
   639,             vref IEEEX1 7,                  $V_{ref}$ IEEEX1 7
   640,             vref IEEEX1 8,                  $V_{ref}$ IEEEX1 8
   641,             vref IEEEX1 9,                  $V_{ref}$ IEEEX1 9
   642,            vref IEEEX1 10,                 $V_{ref}$ IEEEX1 10
   643,               Se IEEEX1 1,           $S_e(|V_{out}|)$ IEEEX1 1
   644,               Se IEEEX1 2,           $S_e(|V_{out}|)$ IEEEX1 2
   645,               Se IEEEX1 3,           $S_e(|V_{out}|)$ IEEEX1 3
   646,               Se IEEEX1 4,           $S_e(|V_{out}|)$ IEEEX1 4
   647,               Se IEEEX1 5,           $S_e(|V_{out}|)$ IEEEX1 5
   648,               Se IEEEX1 6,           $S_e(|V_{out}|)$ IEEEX1 6
   649,               Se IEEEX1 7,           $S_e(|V_{out}|)$ IEEEX1 7
   650,               Se IEEEX1 8,           $S_e(|V_{out}|)$ IEEEX1 8
   651,               Se IEEEX1 9,           $S_e(|V_{out}|)$ IEEEX1 9
   652,              Se IEEEX1 10,          $S_e(|V_{out}|)$ IEEEX1 10
   653,               vi IEEEX1 1,                      $V_i$ IEEEX1 1
   654,               vi IEEEX1 2,                      $V_i$ IEEEX1 2
   655,               vi IEEEX1 3,                      $V_i$ IEEEX1 3
   656,               vi IEEEX1 4,                      $V_i$ IEEEX1 4
   657,               vi IEEEX1 5,                      $V_i$ IEEEX1 5
   658,               vi IEEEX1 6,                      $V_i$ IEEEX1 6
   659,               vi IEEEX1 7,                      $V_i$ IEEEX1 7
   660,               vi IEEEX1 8,                      $V_i$ IEEEX1 8
   661,               vi IEEEX1 9,                      $V_i$ IEEEX1 9
   662,              vi IEEEX1 10,                     $V_i$ IEEEX1 10
   663,             LL_y IEEEX1 1,                   $y_{LL}$ IEEEX1 1
   664,             LL_y IEEEX1 2,                   $y_{LL}$ IEEEX1 2
   665,             LL_y IEEEX1 3,                   $y_{LL}$ IEEEX1 3
   666,             LL_y IEEEX1 4,                   $y_{LL}$ IEEEX1 4
   667,             LL_y IEEEX1 5,                   $y_{LL}$ IEEEX1 5
   668,             LL_y IEEEX1 6,                   $y_{LL}$ IEEEX1 6
   669,             LL_y IEEEX1 7,                   $y_{LL}$ IEEEX1 7
   670,             LL_y IEEEX1 8,                   $y_{LL}$ IEEEX1 8
   671,             LL_y IEEEX1 9,                   $y_{LL}$ IEEEX1 9
   672,            LL_y IEEEX1 10,                  $y_{LL}$ IEEEX1 10
   673,              W_y IEEEX1 1,                    $y_{W}$ IEEEX1 1
   674,              W_y IEEEX1 2,                    $y_{W}$ IEEEX1 2
   675,              W_y IEEEX1 3,                    $y_{W}$ IEEEX1 3
   676,              W_y IEEEX1 4,                    $y_{W}$ IEEEX1 4
   677,              W_y IEEEX1 5,                    $y_{W}$ IEEEX1 5
   678,              W_y IEEEX1 6,                    $y_{W}$ IEEEX1 6
   679,              W_y IEEEX1 7,                    $y_{W}$ IEEEX1 7
   680,              W_y IEEEX1 8,                    $y_{W}$ IEEEX1 8
   681,              W_y IEEEX1 9,                    $y_{W}$ IEEEX1 9
   682,             W_y IEEEX1 10,                   $y_{W}$ IEEEX1 10
   683,            vsout IEEEST 1,                 $v_{sout}$ IEEEST 1
   684,            vsout IEEEST 2,                 $v_{sout}$ IEEEST 2
   685,            vsout IEEEST 3,                 $v_{sout}$ IEEEST 3
   686,            vsout IEEEST 4,                 $v_{sout}$ IEEEST 4
   687,            vsout IEEEST 5,                 $v_{sout}$ IEEEST 5
   688,            vsout IEEEST 6,                 $v_{sout}$ IEEEST 6
   689,            vsout IEEEST 7,                 $v_{sout}$ IEEEST 7
   690,            vsout IEEEST 8,                 $v_{sout}$ IEEEST 8
   691,            vsout IEEEST 9,                 $v_{sout}$ IEEEST 9
   692,           vsout IEEEST 10,                $v_{sout}$ IEEEST 10
   693,              sig IEEEST 1,                   $S_{ig}$ IEEEST 1
   694,              sig IEEEST 2,                   $S_{ig}$ IEEEST 2
   695,              sig IEEEST 3,                   $S_{ig}$ IEEEST 3
   696,              sig IEEEST 4,                   $S_{ig}$ IEEEST 4
   697,              sig IEEEST 5,                   $S_{ig}$ IEEEST 5
   698,              sig IEEEST 6,                   $S_{ig}$ IEEEST 6
   699,              sig IEEEST 7,                   $S_{ig}$ IEEEST 7
   700,              sig IEEEST 8,                   $S_{ig}$ IEEEST 8
   701,              sig IEEEST 9,                   $S_{ig}$ IEEEST 9
   702,             sig IEEEST 10,                  $S_{ig}$ IEEEST 10
   703,             F2_y IEEEST 1,                   $y_{F2}$ IEEEST 1
   704,             F2_y IEEEST 2,                   $y_{F2}$ IEEEST 2
   705,             F2_y IEEEST 3,                   $y_{F2}$ IEEEST 3
   706,             F2_y IEEEST 4,                   $y_{F2}$ IEEEST 4
   707,             F2_y IEEEST 5,                   $y_{F2}$ IEEEST 5
   708,             F2_y IEEEST 6,                   $y_{F2}$ IEEEST 6
   709,             F2_y IEEEST 7,                   $y_{F2}$ IEEEST 7
   710,             F2_y IEEEST 8,                   $y_{F2}$ IEEEST 8
   711,             F2_y IEEEST 9,                   $y_{F2}$ IEEEST 9
   712,            F2_y IEEEST 10,                  $y_{F2}$ IEEEST 10
   713,            LL1_y IEEEST 1,                  $y_{LL1}$ IEEEST 1
   714,            LL1_y IEEEST 2,                  $y_{LL1}$ IEEEST 2
   715,            LL1_y IEEEST 3,                  $y_{LL1}$ IEEEST 3
   716,            LL1_y IEEEST 4,                  $y_{LL1}$ IEEEST 4
   717,            LL1_y IEEEST 5,                  $y_{LL1}$ IEEEST 5
   718,            LL1_y IEEEST 6,                  $y_{LL1}$ IEEEST 6
   719,            LL1_y IEEEST 7,                  $y_{LL1}$ IEEEST 7
   720,            LL1_y IEEEST 8,                  $y_{LL1}$ IEEEST 8
   721,            LL1_y IEEEST 9,                  $y_{LL1}$ IEEEST 9
   722,           LL1_y IEEEST 10,                 $y_{LL1}$ IEEEST 10
   723,            LL2_y IEEEST 1,                  $y_{LL2}$ IEEEST 1
   724,            LL2_y IEEEST 2,                  $y_{LL2}$ IEEEST 2
   725,            LL2_y IEEEST 3,                  $y_{LL2}$ IEEEST 3
   726,            LL2_y IEEEST 4,                  $y_{LL2}$ IEEEST 4
   727,            LL2_y IEEEST 5,                  $y_{LL2}$ IEEEST 5
   728,            LL2_y IEEEST 6,                  $y_{LL2}$ IEEEST 6
   729,            LL2_y IEEEST 7,                  $y_{LL2}$ IEEEST 7
   730,            LL2_y IEEEST 8,                  $y_{LL2}$ IEEEST 8
   731,            LL2_y IEEEST 9,                  $y_{LL2}$ IEEEST 9
   732,           LL2_y IEEEST 10,                 $y_{LL2}$ IEEEST 10
   733,            Vks_y IEEEST 1,                  $y_{Vks}$ IEEEST 1
   734,            Vks_y IEEEST 2,                  $y_{Vks}$ IEEEST 2
   735,            Vks_y IEEEST 3,                  $y_{Vks}$ IEEEST 3
   736,            Vks_y IEEEST 4,                  $y_{Vks}$ IEEEST 4
   737,            Vks_y IEEEST 5,                  $y_{Vks}$ IEEEST 5
   738,            Vks_y IEEEST 6,                  $y_{Vks}$ IEEEST 6
   739,            Vks_y IEEEST 7,                  $y_{Vks}$ IEEEST 7
   740,            Vks_y IEEEST 8,                  $y_{Vks}$ IEEEST 8
   741,            Vks_y IEEEST 9,                  $y_{Vks}$ IEEEST 9
   742,           Vks_y IEEEST 10,                 $y_{Vks}$ IEEEST 10
   743,             WO_y IEEEST 1,                   $y_{WO}$ IEEEST 1
   744,             WO_y IEEEST 2,                   $y_{WO}$ IEEEST 2
   745,             WO_y IEEEST 3,                   $y_{WO}$ IEEEST 3
   746,             WO_y IEEEST 4,                   $y_{WO}$ IEEEST 4
   747,             WO_y IEEEST 5,                   $y_{WO}$ IEEEST 5
   748,             WO_y IEEEST 6,                   $y_{WO}$ IEEEST 6
   749,             WO_y IEEEST 7,                   $y_{WO}$ IEEEST 7
   750,             WO_y IEEEST 8,                   $y_{WO}$ IEEEST 8
   751,             WO_y IEEEST 9,                   $y_{WO}$ IEEEST 9
   752,            WO_y IEEEST 10,                  $y_{WO}$ IEEEST 10
   753,              Vss IEEEST 1,                   $V_{ss}$ IEEEST 1
   754,              Vss IEEEST 2,                   $V_{ss}$ IEEEST 2
   755,              Vss IEEEST 3,                   $V_{ss}$ IEEEST 3
   756,              Vss IEEEST 4,                   $V_{ss}$ IEEEST 4
   757,              Vss IEEEST 5,                   $V_{ss}$ IEEEST 5
   758,              Vss IEEEST 6,                   $V_{ss}$ IEEEST 6
   759,              Vss IEEEST 7,                   $V_{ss}$ IEEEST 7
   760,              Vss IEEEST 8,                   $V_{ss}$ IEEEST 8
   761,              Vss IEEEST 9,                   $V_{ss}$ IEEEST 9
   762,             Vss IEEEST 10,                  $V_{ss}$ IEEEST 10
   763,            WO_y BusFreq 1,                  $y_{WO}$ BusFreq 1
   764,            WO_y BusFreq 2,                  $y_{WO}$ BusFreq 2
   765,            WO_y BusFreq 3,                  $y_{WO}$ BusFreq 3
   766,            WO_y BusFreq 4,                  $y_{WO}$ BusFreq 4
   767,            WO_y BusFreq 5,                  $y_{WO}$ BusFreq 5
   768,            WO_y BusFreq 6,                  $y_{WO}$ BusFreq 6
   769,            WO_y BusFreq 7,                  $y_{WO}$ BusFreq 7
   770,            WO_y BusFreq 8,                  $y_{WO}$ BusFreq 8
   771,            WO_y BusFreq 9,                  $y_{WO}$ BusFreq 9
   772,           WO_y BusFreq 10,                 $y_{WO}$ BusFreq 10
   773,           WO_y BusFreq 11,                 $y_{WO}$ BusFreq 11
   774,           WO_y BusFreq 12,                 $y_{WO}$ BusFreq 12
   775,           WO_y BusFreq 13,                 $y_{WO}$ BusFreq 13
   776,           WO_y BusFreq 14,                 $y_{WO}$ BusFreq 14
   777,           WO_y BusFreq 15,                 $y_{WO}$ BusFreq 15
   778,           WO_y BusFreq 16,                 $y_{WO}$ BusFreq 16
   779,           WO_y BusFreq 17,                 $y_{WO}$ BusFreq 17
   780,           WO_y BusFreq 18,                 $y_{WO}$ BusFreq 18
   781,           WO_y BusFreq 19,                 $y_{WO}$ BusFreq 19
   782,           WO_y BusFreq 20,                 $y_{WO}$ BusFreq 20
   783,           WO_y BusFreq 21,                 $y_{WO}$ BusFreq 21
   784,           WO_y BusFreq 22,                 $y_{WO}$ BusFreq 22
   785,           WO_y BusFreq 23,                 $y_{WO}$ BusFreq 23
   786,           WO_y BusFreq 24,                 $y_{WO}$ BusFreq 24
   787,           WO_y BusFreq 25,                 $y_{WO}$ BusFreq 25
   788,           WO_y BusFreq 26,                 $y_{WO}$ BusFreq 26
   789,           WO_y BusFreq 27,                 $y_{WO}$ BusFreq 27
   790,           WO_y BusFreq 28,                 $y_{WO}$ BusFreq 28
   791,           WO_y BusFreq 29,                 $y_{WO}$ BusFreq 29
   792,           WO_y BusFreq 30,                 $y_{WO}$ BusFreq 30
   793,           WO_y BusFreq 31,                 $y_{WO}$ BusFreq 31
   794,           WO_y BusFreq 32,                 $y_{WO}$ BusFreq 32
   795,           WO_y BusFreq 33,                 $y_{WO}$ BusFreq 33
   796,           WO_y BusFreq 34,                 $y_{WO}$ BusFreq 34
   797,           WO_y BusFreq 35,                 $y_{WO}$ BusFreq 35
   798,           WO_y BusFreq 36,                 $y_{WO}$ BusFreq 36
   799,           WO_y BusFreq 37,                 $y_{WO}$ BusFreq 37
   800,           WO_y BusFreq 38,                 $y_{WO}$ BusFreq 38
   801,           WO_y BusFreq 39,                 $y_{WO}$ BusFreq 39
   802,               f BusFreq 1,                       $f$ BusFreq 1
   803,               f BusFreq 2,                       $f$ BusFreq 2
   804,               f BusFreq 3,                       $f$ BusFreq 3
   805,               f BusFreq 4,                       $f$ BusFreq 4
   806,               f BusFreq 5,                       $f$ BusFreq 5
   807,               f BusFreq 6,                       $f$ BusFreq 6
   808,               f BusFreq 7,                       $f$ BusFreq 7
   809,               f BusFreq 8,                       $f$ BusFreq 8
   810,               f BusFreq 9,                       $f$ BusFreq 9
   811,              f BusFreq 10,                      $f$ BusFreq 10
   812,              f BusFreq 11,                      $f$ BusFreq 11
   813,              f BusFreq 12,                      $f$ BusFreq 12
   814,              f BusFreq 13,                      $f$ BusFreq 13
   815,              f BusFreq 14,                      $f$ BusFreq 14
   816,              f BusFreq 15,                      $f$ BusFreq 15
   817,              f BusFreq 16,                      $f$ BusFreq 16
   818,              f BusFreq 17,                      $f$ BusFreq 17
   819,              f BusFreq 18,                      $f$ BusFreq 18
   820,              f BusFreq 19,                      $f$ BusFreq 19
   821,              f BusFreq 20,                      $f$ BusFreq 20
   822,              f BusFreq 21,                      $f$ BusFreq 21
   823,              f BusFreq 22,                      $f$ BusFreq 22
   824,              f BusFreq 23,                      $f$ BusFreq 23
   825,              f BusFreq 24,                      $f$ BusFreq 24
   826,              f BusFreq 25,                      $f$ BusFreq 25
   827,              f BusFreq 26,                      $f$ BusFreq 26
   828,              f BusFreq 27,                      $f$ BusFreq 27
   829,              f BusFreq 28,                      $f$ BusFreq 28
   830,              f BusFreq 29,                      $f$ BusFreq 29
   831,              f BusFreq 30,                      $f$ BusFreq 30
   832,              f BusFreq 31,                      $f$ BusFreq 31
   833,              f BusFreq 32,                      $f$ BusFreq 32
   834,              f BusFreq 33,                      $f$ BusFreq 33
   835,              f BusFreq 34,                      $f$ BusFreq 34
   836,              f BusFreq 35,                      $f$ BusFreq 35
   837,              f BusFreq 36,                      $f$ BusFreq 36
   838,              f BusFreq 37,                      $f$ BusFreq 37
   839,              f BusFreq 38,                      $f$ BusFreq 38
   840,              f BusFreq 39,                      $f$ BusFreq 39
   841,              fHz EV2 EV 1,                   $f_{Hz}$ EV2 EV 1
   842,              Ffl EV2 EV 1,                   $F_{fl}$ EV2 EV 1
   843,              Ffh EV2 EV 1,                   $F_{fh}$ EV2 EV 1
   844,             Fdev EV2 EV 1,                  $f_{dev}$ EV2 EV 1
   845,             DB_y EV2 EV 1,                   $y_{DB}$ EV2 EV 1
   846,              Fvl EV2 EV 1,                   $F_{vl}$ EV2 EV 1
   847,              Fvh EV2 EV 1,                   $F_{vh}$ EV2 EV 1
   848,               vp EV2 EV 1,                      $V_p$ EV2 EV 1
   849,             Pext EV2 EV 1,                  $P_{ext}$ EV2 EV 1
   850,             Pref EV2 EV 1,                  $P_{ref}$ EV2 EV 1
   851,             Psum EV2 EV 1,                  $P_{tot}$ EV2 EV 1
   852,             Qdrp EV2 EV 1,                  $Q_{drp}$ EV2 EV 1
   853,             Qref EV2 EV 1,                  $Q_{ref}$ EV2 EV 1
   854,             Qsum EV2 EV 1,                  $Q_{tot}$ EV2 EV 1
   855,             Ipul EV2 EV 1,                 $I_{p,ul}$ EV2 EV 1
   856,             Iqul EV2 EV 1,                 $I_{q,ul}$ EV2 EV 1
   857,            Ipmax EV2 EV 1,                 $I_{pmax}$ EV2 EV 1
   858,            Iqmax EV2 EV 1,                 $I_{qmax}$ EV2 EV 1
   859,          Ipcmd_x EV2 EV 1,             $x_{I^{pcmd}}$ EV2 EV 1
   860,          Ipcmd_y EV2 EV 1,             $y_{I^{pcmd}}$ EV2 EV 1
   861,          Iqcmd_x EV2 EV 1,             $x_{I^{qcmd}}$ EV2 EV 1
   862,          Iqcmd_y EV2 EV 1,             $y_{I^{qcmd}}$ EV2 EV 1
   863,            Ipmin EV2 EV 1,                    $Ipmin$ EV2 EV 1
   864,            PHLup EV2 EV 1,              $PHL_{upper}$ EV2 EV 1
   865,               omega COI 1,                $\omega_{coi}$ COI 1
   866,               delta COI 1,                $\delta_{coi}$ COI 1
